 
****************************************
Report : area
Design : JAM
Version: Q-2019.12
Date   : Sat Jul  2 18:18:42 2022
****************************************

Library(s) Used:

    slow (File: /usr/cad/designkit/CBDK_IC_Contest_v2.1/SynopsysDC/db/slow.db)

Number of ports:                           62
Number of nets:                           788
Number of cells:                          676
Number of combinational cells:            583
Number of sequential cells:                84
Number of macros/black boxes:               0
Number of buf/inv:                        115
Number of references:                     124

Combinational area:               5598.025178
Buf/Inv area:                      918.293399
Noncombinational area:            2797.315163
Macro/Black Box area:                0.000000
Net Interconnect area:           93847.139191

Total cell area:                  8395.340341
Total area:                     102242.479531
1
