ncsim 15.20-s039
Linux 3.10.0-1127.19.1.el7.x86_64 #1 SMP Tue Aug 25 17:23:54 UTC 2020 x86_64
CPU cores: 32
Limit information:
======================================
cputime			unlimited
filesize		unlimited
datasize		unlimited
stacksize		8192 kbytes
coredumpsize	0 kbytes
memoryuse		unlimited
vmemoryuse		unlimited
descriptors		4096
memorylocked	64 kbytes
maxproc			4096
======================================
(Special)Runtime environment variables:

Runtime environment variables:
XDG_SESSION_ID=3156
HOSTNAME=diclab.ncku.edu.tw
SELINUX_ROLE_REQUESTED=
TERM=linux
SHELL=/bin/bash
HISTSIZE=1000
SSH_CLIENT=192.168.101.6 63614 22
SELINUX_USE_CURRENT_RANGE=
SSH_TTY=/dev/pts/6
USER=ic_contest
LS_COLORS=rs=0:di=01;34:ln=01;36:mh=00:pi=40;33:so=01;35:do=01;35:bd=40;33;01:cd=40;33;01:or=40;31;01:mi=01;05;37;41:su=37;41:sg=30;43:ca=30;41:tw=30;42:ow=34;42:st=37;44:ex=01;32:*.tar=01;31:*.tgz=01;31:*.arc=01;31:*.arj=01;31:*.taz=01;31:*.lha=01;31:*.lz4=01;31:*.lzh=01;31:*.lzma=01;31:*.tlz=01;31:*.txz=01;31:*.tzo=01;31:*.t7z=01;31:*.zip=01;31:*.z=01;31:*.Z=01;31:*.dz=01;31:*.gz=01;31:*.lrz=01;31:*.lz=01;31:*.lzo=01;31:*.xz=01;31:*.bz2=01;31:*.bz=01;31:*.tbz=01;31:*.tbz2=01;31:*.tz=01;31:*.deb=01;31:*.rpm=01;31:*.jar=01;31:*.war=01;31:*.ear=01;31:*.sar=01;31:*.rar=01;31:*.alz=01;31:*.ace=01;31:*.zoo=01;31:*.cpio=01;31:*.7z=01;31:*.rz=01;31:*.cab=01;31:*.jpg=01;35:*.jpeg=01;35:*.gif=01;35:*.bmp=01;35:*.pbm=01;35:*.pgm=01;35:*.ppm=01;35:*.tga=01;35:*.xbm=01;35:*.xpm=01;35:*.tif=01;35:*.tiff=01;35:*.png=01;35:*.svg=01;35:*.svgz=01;35:*.mng=01;35:*.pcx=01;35:*.mov=01;35:*.mpg=01;35:*.mpeg=01;35:*.m2v=01;35:*.mkv=01;35:*.webm=01;35:*.ogm=01;35:*.mp4=01;35:*.m4v=01;35:*.mp4v=01;35:*.vob=01;35:*.qt=01;35:*.nuv=01;35:*.wmv=01;35:*.asf=01;35:*.rm=01;35:*.rmvb=01;35:*.flc=01;35:*.avi=01;35:*.fli=01;35:*.flv=01;35:*.gl=01;35:*.dl=01;35:*.xcf=01;35:*.xwd=01;35:*.yuv=01;35:*.cgm=01;35:*.emf=01;35:*.axv=01;35:*.anx=01;35:*.ogv=01;35:*.ogx=01;35:*.aac=01;36:*.au=01;36:*.flac=01;36:*.mid=01;36:*.midi=01;36:*.mka=01;36:*.mp3=01;36:*.mpc=01;36:*.ogg=01;36:*.ra=01;36:*.wav=01;36:*.axa=01;36:*.oga=01;36:*.spx=01;36:*.xspf=01;36:
MAIL=/var/spool/mail/ic_contest
PATH=/usr/cad/synopsys/verdi/cur/bin:/usr/cad/synopsys/verdi/cur/nLint/bin:/usr/bin/X11:/usr/cad/synopsys/primetime/cur/amd64/syn/bin:/usr/cad/synopsys/icc/cur/amd64/syn/bin:/usr/cad/synopsys/hercules/cur/bin/AMD.64:/usr/bin/X11:/usr/cad/synopsys/coreConsultant/cur/bin:/usr/cad/synopsys/synthesis/cur/amd64/syn/bin:/usr/cad/synopsys/lc/cur/bin:/usr/cad/mentor/modelsim/cur/bin:/usr/cad/cadence/JASPER/cur/bin:/usr/cad/cadence/JASPER/cur/bin:/usr/cad/cadence/JASPER/cur/bin:/usr/cad/cadence/JASPER/cur/bin:/usr/cad/cadence/JASPER/cur/bin:/usr/cad/cadence/INNOVUS/cur/tools/celtic/bin:/usr/cad/cadence/INNOVUS/cur/tools/plato/bin:/usr/cad/cadence/INNOVUS/cur/tools/dfII/bin:/usr/cad/cadence/INNOVUS/cur/tools/bin:/usr/cad/cadence/INNOVUS/cur//tools/tlfUtil/bin:/usr/cad/cadence/INCISIV/cur/tools/bin:/usr/cad/cadence/INCISIV/cur/tools/vtools/vfault/bin:/usr/cad/cadence/INCISIV/cur/tools/dfII/bin:/usr/bin/X11:/usr/cad/synopsys/coreConsultant/cur/bin:/usr/cad/synopsys/synthesis/cur/amd64/syn/bin:/usr/cad/synopsys/lc/cur/bin:/usr/local/bin:/usr/bin:/usr/local/sbin:/usr/sbin:/home/ic_contest/.local/bin:/home/ic_contest/bin
PWD=/home/ic_contest/P76107085/2022_grad_cell
LANG=en_US.UTF-8
SELINUX_LEVEL_REQUESTED=
HISTCONTROL=ignoredups
SHLVL=2
HOME=/home/ic_contest
LOGNAME=ic_contest
XDG_DATA_DIRS=/home/ic_contest/.local/share/flatpak/exports/share:/var/lib/flatpak/exports/share:/usr/local/share:/usr/share
SSH_CONNECTION=192.168.101.6 63614 140.116.245.79 22
LESSOPEN=||/usr/bin/lesspipe.sh %s
XDG_RUNTIME_DIR=/run/user/1005
DISPLAY=localhost:16.0
OLDPWD=/home/ic_contest/P76107085
_=/usr/bin/csh
HOSTTYPE=x86_64-linux
VENDOR=unknown
OSTYPE=linux
MACHTYPE=x86_64
GROUP=ic_contest
HOST=diclab.ncku.edu.tw
REMOTEHOST=192.168.101.6
LM_LICENSE_FILE=26585@lstn:1717@lsncku:5280@lstn
SYNTHESIS=/usr/cad/synopsys/synthesis/cur
SYN_MAN_DIR=/usr/cad/synopsys/synthesis/cur/doc/syn/man
MANPATH=/usr/cad/synopsys/synthesis/cur/doc/syn/man:/usr/cad/synopsys/synthesis/cur/doc/syn/man
LD_LIBRARY_PATH=/usr/cad/synopsys/verdi/cur/share/PLI/IUS/LINUX/::/usr/cad/cadence/INNOVUS/cur//tools/tlfUtil/lib:/usr/cad/cadence/INCISIV/cur/tools/lib:/usr/cad/cadence/INCISIV/cur/tools/vtools/vfault/lib:/usr/openwin/lib:/usr/dt/lib:/usr/lib:/usr/local/lib
ENCOUNTER=/usr/cad/cadence/INNOVUS/cur/tools/fe
OA_HOME=/usr/cad/cadence/INNOVUS/cur/oa
MGC_HOME=/usr/cad/mentor/modelsim/cur
MGC_TMPDIR=/tmp
MGC_LOCATION_MAP=NO_MAP
SYNOPSYS=/usr/cad/synopsys/icc/cur
PRIMETIME=/usr/cad/synopsys/primetime/cur
SHLIB_PATH=/usr/cad/synopsys/verdi/cur/share/PLI/IUS/LINUX
_IRUNROOT_=/usr/cad/cadence/INCISIV/cur/tools
CDS_ARCH=lnx86
NCRUNMODE=ncverilog:./INCA_libs/irun.lnx86.15.20.nc
IRUNBATCH=FALSE
IMPERAS_PORT_FILE=.vsp_ovp_gdb_port
TCL_LIBRARY=/usr/cad/cadence/INCISIV/cur/tools/inca/files/tcl/library
Runtime command line arguments:
argv[0]=ncverilog
argv[1]=tb.sv
argv[2]=JAM_syn.v
argv[3]=-v
argv[4]=tsmc13_neg.v
argv[5]=+define+SDF
argv[6]=+define+P2
argv[7]=+access+r
81 profile - 100
          CPU/Mem usage: 0.060 sys,  0.050 user,  61.88M sys,  0.00M vm
82 VC callback profile - scalar:0 vector:0
83 Sat Jul  2 18:19:28 2022
84 pliAppInit
85 FSDB_GATE is disabled.
86 Enable Parallel Dumping.
87 pliAppMiscSet: New Sim Round
88 pliEntryInit
89 LIBSSCORE=found /usr/cad/synopsys/verdi/cur/share/PLI/IUS/LINUX/libsscore_ius152.so through $LD_LIBRARY_PATH setting.
90 argv[0]: JAM.fsdb
91 FSDB Dumper for IUS, Release Verdi_Q-2020.03, Linux, 02/09/2020
92 (C) 1996 - 2020 by Synopsys, Inc.
93 sps_call_fsdbDumpfile at 0 : /home/ic_contest/P76107085/2022_grad_cell/tb.sv(50)
94 argv[0]: JAM.fsdb
95 *Verdi* FSDB WARNING: The FSDB file already exists. Overwriting the FSDB file may crash the programs that are using this file.
96 *Verdi* : Create FSDB file 'JAM.fsdb'
97 sps_call_fsdbDumpvars at 0 : /home/ic_contest/P76107085/2022_grad_cell/tb.sv(51)
98 *Verdi* : Begin traversing the scopes, layer (0).
99 Cell instance `testfixture.u_JAM.U11'.
100 *Verdi* : End of traversing.
101 fsdbDumpvars traverse var: profile - 
          CPU/Mem usage: 0.080 sys,  0.100 user,  145.21M sys,  0.00M vm
                   incr: 0.010 sys,  0.040 user,  4.36M sys,  0.00M vm
                   accu: 0.010 sys,  0.040 user,  4.36M sys,  0.00M vm
              accu incr: 0.010 sys,  0.040 user,  4.36M sys,  0.00M vm

          Count usage: 5002 var,  1666 idcode,  1666 callback
                 incr: 5002 var,  1666 idcode,  1666 callback
                 accu: 5002 var,  1666 idcode,  1666 callback
            accu incr: 5002 var,  1666 idcode,  1666 callback
102 VC callback profile - scalar:0 vector:0
103 Sat Jul  2 18:19:28 2022
104 fsdbDumpvars: profile - 
          CPU/Mem usage: 0.080 sys,  0.100 user,  146.26M sys,  0.00M vm
                   incr: 0.000 sys,  0.000 user,  1.05M sys,  0.00M vm
                   accu: 0.010 sys,  0.040 user,  5.41M sys,  0.00M vm
              accu incr: 0.000 sys,  0.000 user,  1.05M sys,  0.00M vm

          Count usage: 5002 var,  1666 idcode,  1666 callback
                 incr: 0 var,  0 idcode,  0 callback
                 accu: 5002 var,  1666 idcode,  1666 callback
            accu incr: 0 var,  0 idcode,  0 callback
105 VC callback profile - scalar:1644 vector:22
106 Sat Jul  2 18:19:28 2022
107 sps_call_fsdbDumpMDA at 0 : /home/ic_contest/P76107085/2022_grad_cell/tb.sv(52)
108 *Verdi* : Begin traversing the MDAs, layer (0).
109 *Verdi* : Enable +mda and +packedmda dumping.
110 Cell instance `testfixture.u_JAM.U11'.
111 *Verdi* : End of traversing the MDAs.
112 fsdbDumpMDA traverse var: profile - 
          CPU/Mem usage: 0.080 sys,  0.120 user,  146.26M sys,  0.00M vm
                   incr: 0.000 sys,  0.020 user,  0.00M sys,  0.00M vm
                   accu: 0.000 sys,  0.020 user,  0.00M sys,  0.00M vm
              accu incr: 0.000 sys,  0.020 user,  0.00M sys,  0.00M vm

          Count usage: 5066 var,  1730 idcode,  1730 callback
                 incr: 64 var,  64 idcode,  64 callback
                 accu: 64 var,  64 idcode,  64 callback
            accu incr: 64 var,  64 idcode,  64 callback
113 VC callback profile - scalar:1644 vector:22
114 Sat Jul  2 18:19:28 2022
115 fsdbDumpMDA: profile - 
          CPU/Mem usage: 0.080 sys,  0.120 user,  146.26M sys,  0.00M vm
                   incr: 0.000 sys,  0.000 user,  0.00M sys,  0.00M vm
                   accu: 0.000 sys,  0.020 user,  0.00M sys,  0.00M vm
              accu incr: 0.000 sys,  0.000 user,  0.00M sys,  0.00M vm

          Count usage: 5066 var,  1730 idcode,  1730 callback
                 incr: 0 var,  0 idcode,  0 callback
                 accu: 64 var,  64 idcode,  64 callback
            accu incr: 0 var,  0 idcode,  0 callback
116 VC callback profile - scalar:1644 vector:86
117 Sat Jul  2 18:19:28 2022
118 End of simulation at 3628855000
119 VC callback profile - scalar:87417976 vector:1286188
120 Sat Jul  2 18:19:49 2022
121 Begin FSDB profile info:
122 FSDB Writer : bc1(87417976) bcn(1286188) mtf/stf(0/6)
FSDB Writer elapsed time : flush(6.778544) io wait(0.000000) theadpool wait(0.000000)
FSDB Writer cpu time : MT Compression : 0
123 End FSDB profile info
124 Parallel profile    -  Flush:4 Expand:0 ProduceWait:0 ConsumerWait:179 BlockUsed:544
125                        ProduceTime:21.709565458 ConsumerTime:18.304469517 Buffer:64MB
126 SimExit
127 Sim process exit
